<?xml version="1.0" encoding="UTF-8"?>
<!-- Generated by org.testng.reporters.JUnitReportReporter -->
<testsuite hostname="DESKTOP-NSKO8MI" failures="0" tests="2" name="com.hrms.testcases.LoginTest" time="19.324" errors="0" timestamp="2020-06-05T00:28:53 EDT" skipped="0">
  <testcase classname="com.hrms.testcases.LoginTest" name="invalidPasswordLogin" time="10.969"/>
  <system-out/>
  <testcase classname="com.hrms.testcases.LoginTest" name="emptyUsernameLogin" time="8.355"/>
  <system-out/>
</testsuite> <!-- com.hrms.testcases.LoginTest -->
