<?xml version="1.0" encoding="UTF-8"?>
<!-- Generated by org.testng.reporters.JUnitReportReporter -->
<testsuite hostname="DESKTOP-NSKO8MI" failures="0" tests="2" name="com.hrms.testcases.LoginTest" time="18.762" errors="0" timestamp="2020-06-05T00:17:11 EDT" skipped="0">
  <testcase classname="com.hrms.testcases.LoginTest" name="invalidPasswordLogin" time="9.327"/>
  <system-out/>
  <testcase classname="com.hrms.testcases.LoginTest" name="emptyUsernameLogin" time="9.435"/>
  <system-out/>
</testsuite> <!-- com.hrms.testcases.LoginTest -->
